

Started GET "/users/new" for 127.0.0.1 at 2014-10-10 19:18:19 -0700
  [1m[36mActiveRecord::SchemaMigration Load (0.4ms)[0m  [1mSELECT "schema_migrations".* FROM "schema_migrations"[0m
Processing by UsersController#new as HTML
  Rendered users/new.html.erb within layouts/application (54.0ms)
Completed 200 OK in 1359ms (Views: 1345.5ms | ActiveRecord: 1.3ms)


Started GET "/assets/jquery.js?body=1" for 127.0.0.1 at 2014-10-10 19:18:21 -0700


Started GET "/assets/application.css?body=1" for 127.0.0.1 at 2014-10-10 19:18:21 -0700


Started GET "/assets/jquery_ujs.js?body=1" for 127.0.0.1 at 2014-10-10 19:18:21 -0700


Started GET "/assets/turbolinks.js?body=1" for 127.0.0.1 at 2014-10-10 19:18:21 -0700


Started GET "/assets/application.js?body=1" for 127.0.0.1 at 2014-10-10 19:18:21 -0700


Started GET "/" for 127.0.0.1 at 2014-10-10 19:18:22 -0700
Processing by UsersController#index as HTML
  Rendered users/index.html.erb within layouts/application (0.3ms)
Completed 200 OK in 21ms (Views: 20.6ms | ActiveRecord: 0.0ms)


Started GET "/assets/application.css?body=1" for 127.0.0.1 at 2014-10-10 19:18:22 -0700


Started GET "/assets/application.js?body=1" for 127.0.0.1 at 2014-10-10 19:18:22 -0700


Started GET "/assets/jquery.js?body=1" for 127.0.0.1 at 2014-10-10 19:18:22 -0700


Started GET "/assets/jquery_ujs.js?body=1" for 127.0.0.1 at 2014-10-10 19:18:22 -0700


Started GET "/assets/turbolinks.js?body=1" for 127.0.0.1 at 2014-10-10 19:18:22 -0700


Started GET "/" for 127.0.0.1 at 2014-10-11 13:03:09 -0700
  [1m[36mActiveRecord::SchemaMigration Load (24.9ms)[0m  [1mSELECT "schema_migrations".* FROM "schema_migrations"[0m

ActiveRecord::PendingMigrationError (

Migrations are pending. To resolve this issue, run:

	bin/rake db:migrate RAILS_ENV=development

):
  activerecord (4.1.5) lib/active_record/migration.rb:389:in `check_pending!'
  activerecord (4.1.5) lib/active_record/migration.rb:377:in `call'
  actionpack (4.1.5) lib/action_dispatch/middleware/callbacks.rb:29:in `block in call'
  activesupport (4.1.5) lib/active_support/callbacks.rb:82:in `run_callbacks'
  actionpack (4.1.5) lib/action_dispatch/middleware/callbacks.rb:27:in `call'
  actionpack (4.1.5) lib/action_dispatch/middleware/reloader.rb:73:in `call'
  actionpack (4.1.5) lib/action_dispatch/middleware/remote_ip.rb:76:in `call'
  actionpack (4.1.5) lib/action_dispatch/middleware/debug_exceptions.rb:17:in `call'
  actionpack (4.1.5) lib/action_dispatch/middleware/show_exceptions.rb:30:in `call'
  railties (4.1.5) lib/rails/rack/logger.rb:38:in `call_app'
  railties (4.1.5) lib/rails/rack/logger.rb:20:in `block in call'
  activesupport (4.1.5) lib/active_support/tagged_logging.rb:68:in `block in tagged'
  activesupport (4.1.5) lib/active_support/tagged_logging.rb:26:in `tagged'
  activesupport (4.1.5) lib/active_support/tagged_logging.rb:68:in `tagged'
  railties (4.1.5) lib/rails/rack/logger.rb:20:in `call'
  actionpack (4.1.5) lib/action_dispatch/middleware/request_id.rb:21:in `call'
  rack (1.5.2) lib/rack/methodoverride.rb:21:in `call'
  rack (1.5.2) lib/rack/runtime.rb:17:in `call'
  activesupport (4.1.5) lib/active_support/cache/strategy/local_cache_middleware.rb:26:in `call'
  rack (1.5.2) lib/rack/lock.rb:17:in `call'
  actionpack (4.1.5) lib/action_dispatch/middleware/static.rb:64:in `call'
  rack (1.5.2) lib/rack/sendfile.rb:112:in `call'
  railties (4.1.5) lib/rails/engine.rb:514:in `call'
  railties (4.1.5) lib/rails/application.rb:144:in `call'
  rack (1.5.2) lib/rack/lock.rb:17:in `call'
  rack (1.5.2) lib/rack/content_length.rb:14:in `call'
  rack (1.5.2) lib/rack/handler/webrick.rb:60:in `service'
  /Users/devmode/.rvm/rubies/ruby-2.0.0-p481/lib/ruby/2.0.0/webrick/httpserver.rb:138:in `service'
  /Users/devmode/.rvm/rubies/ruby-2.0.0-p481/lib/ruby/2.0.0/webrick/httpserver.rb:94:in `run'
  /Users/devmode/.rvm/rubies/ruby-2.0.0-p481/lib/ruby/2.0.0/webrick/server.rb:295:in `block in start_thread'


  Rendered /Users/devmode/.rvm/gems/ruby-2.0.0-p481/gems/actionpack-4.1.5/lib/action_dispatch/middleware/templates/rescues/_source.erb (0.6ms)
  Rendered /Users/devmode/.rvm/gems/ruby-2.0.0-p481/gems/actionpack-4.1.5/lib/action_dispatch/middleware/templates/rescues/_trace.html.erb (1.1ms)
  Rendered /Users/devmode/.rvm/gems/ruby-2.0.0-p481/gems/actionpack-4.1.5/lib/action_dispatch/middleware/templates/rescues/_request_and_response.html.erb (0.9ms)
  Rendered /Users/devmode/.rvm/gems/ruby-2.0.0-p481/gems/actionpack-4.1.5/lib/action_dispatch/middleware/templates/rescues/diagnostics.erb within rescues/layout (22.1ms)
  [1m[36mActiveRecord::SchemaMigration Load (0.3ms)[0m  [1mSELECT "schema_migrations".* FROM "schema_migrations"[0m
Migrating to CreateAnswers (20141010215228)
  [1m[35m (0.2ms)[0m  BEGIN
  [1m[36m (39.4ms)[0m  [1mCREATE TABLE "answers" ("id" serial primary key, "user_id" integer, "body" character varying(255), "vote_count" integer DEFAULT 0, "created_at" timestamp, "updated_at" timestamp) [0m
  [1m[35mSQL (6.2ms)[0m  INSERT INTO "schema_migrations" ("version") VALUES ($1)  [["version", "20141010215228"]]
  [1m[36m (171.1ms)[0m  [1mCOMMIT[0m
Migrating to CreateQuestions (20141010224751)
  [1m[35m (0.7ms)[0m  BEGIN
  [1m[36m (3.5ms)[0m  [1mCREATE TABLE "questions" ("id" serial primary key, "title" character varying(255), "body" character varying(255)) [0m
  [1m[35mSQL (0.1ms)[0m  INSERT INTO "schema_migrations" ("version") VALUES ($1)  [["version", "20141010224751"]]
  [1m[36m (0.5ms)[0m  [1mCOMMIT[0m
  [1m[35mActiveRecord::SchemaMigration Load (0.2ms)[0m  SELECT "schema_migrations".* FROM "schema_migrations"


Started GET "/" for 127.0.0.1 at 2014-10-11 13:03:32 -0700
  [1m[36mActiveRecord::SchemaMigration Load (0.4ms)[0m  [1mSELECT "schema_migrations".* FROM "schema_migrations"[0m
Processing by QuestionsController#index as HTML
  [1m[35mQuestion Load (0.4ms)[0m  SELECT "questions".* FROM "questions"
  Rendered questions/index.html.erb within layouts/application (73.3ms)
Completed 200 OK in 593ms (Views: 578.8ms | ActiveRecord: 1.7ms)


Started GET "/assets/application.css?body=1" for 127.0.0.1 at 2014-10-11 13:03:33 -0700


Started GET "/assets/jquery.js?body=1" for 127.0.0.1 at 2014-10-11 13:03:33 -0700


Started GET "/assets/jquery_ujs.js?body=1" for 127.0.0.1 at 2014-10-11 13:03:33 -0700


Started GET "/assets/turbolinks.js?body=1" for 127.0.0.1 at 2014-10-11 13:03:33 -0700


Started GET "/assets/application.js?body=1" for 127.0.0.1 at 2014-10-11 13:03:33 -0700


Started POST "/questions" for 127.0.0.1 at 2014-10-11 13:04:01 -0700
Processing by QuestionsController#create as HTML
  Parameters: {"utf8"=>"✓", "authenticity_token"=>"9evCw5gSAA2FrK7Jbk5V9U2NtnQSjVaafCiJLjEuoaE=", "question"=>{"title"=>"What is Melissa fav color", "body"=>"blue"}, "commit"=>"Create Question"}
  [1m[36m (0.1ms)[0m  [1mBEGIN[0m
  [1m[35mSQL (6.6ms)[0m  INSERT INTO "questions" ("body", "title") VALUES ($1, $2) RETURNING "id"  [["body", "blue"], ["title", "What is Melissa fav color"]]
  [1m[36m (6.7ms)[0m  [1mCOMMIT[0m
Redirected to http://localhost:3000/
Completed 302 Found in 17ms (ActiveRecord: 13.5ms)


Started GET "/" for 127.0.0.1 at 2014-10-11 13:04:01 -0700
Processing by QuestionsController#index as HTML
  [1m[35mQuestion Load (0.3ms)[0m  SELECT "questions".* FROM "questions"
  Rendered questions/index.html.erb within layouts/application (2.3ms)
Completed 200 OK in 21ms (Views: 19.4ms | ActiveRecord: 0.3ms)


Started GET "/assets/turbolinks.js?body=1" for 127.0.0.1 at 2014-10-11 13:04:01 -0700


Started GET "/assets/jquery.js?body=1" for 127.0.0.1 at 2014-10-11 13:04:01 -0700


Started GET "/assets/application.js?body=1" for 127.0.0.1 at 2014-10-11 13:04:01 -0700


Started GET "/assets/jquery_ujs.js?body=1" for 127.0.0.1 at 2014-10-11 13:04:01 -0700


Started GET "/assets/application.css?body=1" for 127.0.0.1 at 2014-10-11 13:04:01 -0700


Started GET "/" for 127.0.0.1 at 2014-10-11 13:11:28 -0700
Processing by QuestionsController#index as HTML
  [1m[36mQuestion Load (0.2ms)[0m  [1mSELECT "questions".* FROM "questions"[0m
  Rendered questions/index.html.erb within layouts/application (1.8ms)
Completed 200 OK in 50ms (Views: 49.8ms | ActiveRecord: 0.2ms)


Started GET "/assets/jquery.js?body=1" for 127.0.0.1 at 2014-10-11 13:11:29 -0700


Started GET "/assets/jquery_ujs.js?body=1" for 127.0.0.1 at 2014-10-11 13:11:29 -0700


Started GET "/assets/turbolinks.js?body=1" for 127.0.0.1 at 2014-10-11 13:11:29 -0700


Started GET "/assets/application.css?body=1" for 127.0.0.1 at 2014-10-11 13:11:29 -0700


Started GET "/assets/application.js?body=1" for 127.0.0.1 at 2014-10-11 13:11:29 -0700


Started GET "/users/new" for 127.0.0.1 at 2014-10-11 13:11:35 -0700
Processing by UsersController#new as HTML
  Rendered users/new.html.erb within layouts/application (6.4ms)
Completed 200 OK in 29ms (Views: 23.5ms | ActiveRecord: 1.4ms)


Started POST "/users" for 127.0.0.1 at 2014-10-11 13:11:44 -0700
Processing by UsersController#create as HTML
  Parameters: {"utf8"=>"✓", "authenticity_token"=>"9evCw5gSAA2FrK7Jbk5V9U2NtnQSjVaafCiJLjEuoaE=", "user"=>{"email"=>"jaycdave@gmail.com", "password"=>"[FILTERED]", "password_confirmation"=>"[FILTERED]"}, "commit"=>"Create User"}
Completed 500 Internal Server Error in 1ms

ActiveModel::ForbiddenAttributesError (ActiveModel::ForbiddenAttributesError):
  app/controllers/users_controller.rb:13:in `create'


  Rendered /Users/devmode/.rvm/gems/ruby-2.0.0-p481/gems/actionpack-4.1.5/lib/action_dispatch/middleware/templates/rescues/_source.erb (0.9ms)
  Rendered /Users/devmode/.rvm/gems/ruby-2.0.0-p481/gems/actionpack-4.1.5/lib/action_dispatch/middleware/templates/rescues/_trace.html.erb (1.4ms)
  Rendered /Users/devmode/.rvm/gems/ruby-2.0.0-p481/gems/actionpack-4.1.5/lib/action_dispatch/middleware/templates/rescues/_request_and_response.html.erb (1.1ms)
  Rendered /Users/devmode/.rvm/gems/ruby-2.0.0-p481/gems/actionpack-4.1.5/lib/action_dispatch/middleware/templates/rescues/diagnostics.erb within rescues/layout (20.1ms)


Started POST "/users" for 127.0.0.1 at 2014-10-11 13:15:25 -0700
Processing by UsersController#create as HTML
  Parameters: {"utf8"=>"✓", "authenticity_token"=>"9evCw5gSAA2FrK7Jbk5V9U2NtnQSjVaafCiJLjEuoaE=", "user"=>{"email"=>"jaycdave@gmail.com", "password"=>"[FILTERED]", "password_confirmation"=>"[FILTERED]"}, "commit"=>"Create User"}
Unpermitted parameters: password_confirmation
  [1m[35m (0.1ms)[0m  BEGIN
  [1m[36mSQL (12.4ms)[0m  [1mINSERT INTO "users" ("email", "password_digest") VALUES ($1, $2) RETURNING "id"[0m  [["email", "jaycdave@gmail.com"], ["password_digest", "$2a$10$jm6WWVBzPRGefy1v8DKVieoryWHZDNOhXy8z.IPg5zO5tEG8GKXZG"]]
  [1m[35m (0.3ms)[0m  COMMIT
Redirected to http://localhost:3000/
Completed 302 Found in 89ms (ActiveRecord: 14.6ms)


Started GET "/" for 127.0.0.1 at 2014-10-11 13:15:25 -0700
Processing by QuestionsController#index as HTML
  [1m[36mQuestion Load (0.2ms)[0m  [1mSELECT "questions".* FROM "questions"[0m
  Rendered questions/index.html.erb within layouts/application (3.9ms)
Completed 200 OK in 58ms (Views: 54.1ms | ActiveRecord: 1.4ms)


Started GET "/assets/application.css?body=1" for 127.0.0.1 at 2014-10-11 13:15:25 -0700


Started GET "/assets/jquery.js?body=1" for 127.0.0.1 at 2014-10-11 13:15:25 -0700


Started GET "/assets/turbolinks.js?body=1" for 127.0.0.1 at 2014-10-11 13:15:25 -0700


Started GET "/assets/application.js?body=1" for 127.0.0.1 at 2014-10-11 13:15:25 -0700


Started GET "/assets/jquery_ujs.js?body=1" for 127.0.0.1 at 2014-10-11 13:15:25 -0700


Started GET "/users/new" for 127.0.0.1 at 2014-10-11 13:15:29 -0700
Processing by UsersController#new as HTML
  Rendered users/new.html.erb within layouts/application (2.3ms)
Completed 200 OK in 19ms (Views: 18.1ms | ActiveRecord: 0.0ms)


Started POST "/users" for 127.0.0.1 at 2014-10-11 13:15:35 -0700
Processing by UsersController#create as HTML
  Parameters: {"utf8"=>"✓", "authenticity_token"=>"9evCw5gSAA2FrK7Jbk5V9U2NtnQSjVaafCiJLjEuoaE=", "user"=>{"email"=>"jaycdave@gmail.com", "password"=>"[FILTERED]", "password_confirmation"=>"[FILTERED]"}, "commit"=>"Create User"}
Unpermitted parameters: password_confirmation
  [1m[35m (0.1ms)[0m  BEGIN
  [1m[36mSQL (0.2ms)[0m  [1mINSERT INTO "users" ("email", "password_digest") VALUES ($1, $2) RETURNING "id"[0m  [["email", "jaycdave@gmail.com"], ["password_digest", "$2a$10$GR0xWfUgN0KtpiGi3CFG/OqsADFJaEssQGm4ulLhXCFaTNq3DljBK"]]
  [1m[35m (0.4ms)[0m  COMMIT
Redirected to http://localhost:3000/
Completed 302 Found in 71ms (ActiveRecord: 0.8ms)


Started GET "/" for 127.0.0.1 at 2014-10-11 13:15:35 -0700
Processing by QuestionsController#index as HTML
  [1m[36mQuestion Load (0.2ms)[0m  [1mSELECT "questions".* FROM "questions"[0m
  Rendered questions/index.html.erb within layouts/application (2.1ms)
Completed 200 OK in 19ms (Views: 17.7ms | ActiveRecord: 0.2ms)


Started GET "/assets/application.css?body=1" for 127.0.0.1 at 2014-10-11 13:15:35 -0700


Started GET "/assets/turbolinks.js?body=1" for 127.0.0.1 at 2014-10-11 13:15:35 -0700


Started GET "/assets/application.js?body=1" for 127.0.0.1 at 2014-10-11 13:15:35 -0700


Started GET "/assets/jquery_ujs.js?body=1" for 127.0.0.1 at 2014-10-11 13:15:35 -0700


Started GET "/assets/jquery.js?body=1" for 127.0.0.1 at 2014-10-11 13:15:35 -0700


Started POST "/questions" for 127.0.0.1 at 2014-10-11 13:20:13 -0700
Processing by QuestionsController#create as HTML
  Parameters: {"utf8"=>"✓", "authenticity_token"=>"9evCw5gSAA2FrK7Jbk5V9U2NtnQSjVaafCiJLjEuoaE=", "question"=>{"title"=>"hello ", "body"=>"becca"}, "commit"=>"Create Question"}
  [1m[35m (0.2ms)[0m  BEGIN
  [1m[36mSQL (0.3ms)[0m  [1mINSERT INTO "questions" ("body", "title") VALUES ($1, $2) RETURNING "id"[0m  [["body", "becca"], ["title", "hello "]]
  [1m[35m (121.6ms)[0m  COMMIT
Redirected to http://localhost:3000/
Completed 302 Found in 125ms (ActiveRecord: 122.0ms)


Started GET "/" for 127.0.0.1 at 2014-10-11 13:20:13 -0700
Processing by QuestionsController#index as HTML
  [1m[36mQuestion Load (0.2ms)[0m  [1mSELECT "questions".* FROM "questions"[0m
  Rendered questions/index.html.erb within layouts/application (1.9ms)
Completed 200 OK in 18ms (Views: 17.8ms | ActiveRecord: 0.2ms)


Started GET "/assets/application.css?body=1" for 127.0.0.1 at 2014-10-11 13:20:13 -0700


Started GET "/assets/jquery_ujs.js?body=1" for 127.0.0.1 at 2014-10-11 13:20:13 -0700


Started GET "/assets/jquery.js?body=1" for 127.0.0.1 at 2014-10-11 13:20:13 -0700


Started GET "/assets/application.js?body=1" for 127.0.0.1 at 2014-10-11 13:20:13 -0700


Started GET "/assets/turbolinks.js?body=1" for 127.0.0.1 at 2014-10-11 13:20:13 -0700


Started GET "/users/new" for 127.0.0.1 at 2014-10-11 13:20:24 -0700
Processing by UsersController#new as HTML
  Rendered users/new.html.erb within layouts/application (1.6ms)
Completed 200 OK in 18ms (Views: 17.9ms | ActiveRecord: 0.0ms)


Started POST "/users" for 127.0.0.1 at 2014-10-11 13:20:36 -0700
Processing by UsersController#create as HTML
  Parameters: {"utf8"=>"✓", "authenticity_token"=>"9evCw5gSAA2FrK7Jbk5V9U2NtnQSjVaafCiJLjEuoaE=", "user"=>{"email"=>"becca@gmail.com", "password"=>"[FILTERED]", "password_confirmation"=>"[FILTERED]"}, "commit"=>"Create User"}
Unpermitted parameters: password_confirmation
  [1m[35m (0.1ms)[0m  BEGIN
  [1m[36mSQL (0.2ms)[0m  [1mINSERT INTO "users" ("email", "password_digest") VALUES ($1, $2) RETURNING "id"[0m  [["email", "becca@gmail.com"], ["password_digest", "$2a$10$R6lFKK1wHvIo3zBANfHzg.K7ViwAyWATNZjC7kVT95QzSSCUR/tOa"]]
  [1m[35m (0.3ms)[0m  COMMIT
Redirected to http://localhost:3000/
Completed 302 Found in 74ms (ActiveRecord: 0.6ms)


Started GET "/" for 127.0.0.1 at 2014-10-11 13:20:36 -0700
Processing by QuestionsController#index as HTML
  [1m[36mQuestion Load (0.2ms)[0m  [1mSELECT "questions".* FROM "questions"[0m
  Rendered questions/index.html.erb within layouts/application (2.2ms)
Completed 200 OK in 19ms (Views: 18.5ms | ActiveRecord: 0.2ms)


Started GET "/assets/turbolinks.js?body=1" for 127.0.0.1 at 2014-10-11 13:20:36 -0700


Started GET "/assets/application.css?body=1" for 127.0.0.1 at 2014-10-11 13:20:36 -0700


Started GET "/assets/application.js?body=1" for 127.0.0.1 at 2014-10-11 13:20:36 -0700


Started GET "/assets/jquery.js?body=1" for 127.0.0.1 at 2014-10-11 13:20:36 -0700


Started GET "/assets/jquery_ujs.js?body=1" for 127.0.0.1 at 2014-10-11 13:20:36 -0700


Started GET "/users/new" for 127.0.0.1 at 2014-10-11 13:22:29 -0700
Processing by UsersController#new as HTML
  Rendered users/new.html.erb within layouts/application (1.8ms)
Completed 200 OK in 21ms (Views: 20.0ms | ActiveRecord: 0.0ms)


Started GET "/users/new" for 127.0.0.1 at 2014-10-11 13:30:03 -0700
  [1m[36mActiveRecord::SchemaMigration Load (0.4ms)[0m  [1mSELECT "schema_migrations".* FROM "schema_migrations"[0m
Processing by UsersController#new as HTML
  Rendered users/new.html.erb within layouts/application (27.2ms)
Completed 200 OK in 455ms (Views: 436.9ms | ActiveRecord: 2.0ms)


Started GET "/assets/application.css?body=1" for 127.0.0.1 at 2014-10-11 13:30:04 -0700


Started GET "/assets/jquery.js?body=1" for 127.0.0.1 at 2014-10-11 13:30:04 -0700


Started GET "/assets/turbolinks.js?body=1" for 127.0.0.1 at 2014-10-11 13:30:04 -0700


Started GET "/assets/jquery_ujs.js?body=1" for 127.0.0.1 at 2014-10-11 13:30:04 -0700


Started GET "/assets/application.js?body=1" for 127.0.0.1 at 2014-10-11 13:30:04 -0700


Started GET "/" for 127.0.0.1 at 2014-10-11 13:30:08 -0700
Processing by QuestionsController#index as HTML
  [1m[35mQuestion Load (0.3ms)[0m  SELECT "questions".* FROM "questions"
  Rendered questions/index.html.erb within layouts/application (5.5ms)
Completed 200 OK in 29ms (Views: 23.8ms | ActiveRecord: 1.9ms)


Started GET "/assets/application.css?body=1" for 127.0.0.1 at 2014-10-11 13:30:08 -0700


Started GET "/assets/jquery_ujs.js?body=1" for 127.0.0.1 at 2014-10-11 13:30:08 -0700


Started GET "/assets/turbolinks.js?body=1" for 127.0.0.1 at 2014-10-11 13:30:08 -0700


Started GET "/assets/jquery.js?body=1" for 127.0.0.1 at 2014-10-11 13:30:08 -0700


Started GET "/assets/application.js?body=1" for 127.0.0.1 at 2014-10-11 13:30:08 -0700


Started POST "/questions" for 127.0.0.1 at 2014-10-11 13:30:22 -0700
Processing by QuestionsController#create as HTML
  Parameters: {"utf8"=>"✓", "authenticity_token"=>"9evCw5gSAA2FrK7Jbk5V9U2NtnQSjVaafCiJLjEuoaE=", "question"=>{"title"=>"fuck the free world", "body"=>"fuck it "}, "commit"=>"Create Question"}
  [1m[36m (0.2ms)[0m  [1mBEGIN[0m
  [1m[35mSQL (0.2ms)[0m  INSERT INTO "questions" ("body", "title") VALUES ($1, $2) RETURNING "id"  [["body", "fuck it "], ["title", "fuck the free world"]]
  [1m[36m (5.9ms)[0m  [1mCOMMIT[0m
Redirected to http://localhost:3000/
Completed 302 Found in 10ms (ActiveRecord: 6.4ms)


Started GET "/" for 127.0.0.1 at 2014-10-11 13:30:22 -0700
Processing by QuestionsController#index as HTML
  [1m[35mQuestion Load (0.2ms)[0m  SELECT "questions".* FROM "questions"
  Rendered questions/index.html.erb within layouts/application (35.6ms)
Completed 200 OK in 52ms (Views: 51.3ms | ActiveRecord: 0.2ms)


Started GET "/assets/application.css?body=1" for 127.0.0.1 at 2014-10-11 13:30:22 -0700


Started GET "/assets/jquery.js?body=1" for 127.0.0.1 at 2014-10-11 13:30:22 -0700


Started GET "/assets/turbolinks.js?body=1" for 127.0.0.1 at 2014-10-11 13:30:22 -0700


Started GET "/assets/jquery_ujs.js?body=1" for 127.0.0.1 at 2014-10-11 13:30:22 -0700


Started GET "/assets/application.js?body=1" for 127.0.0.1 at 2014-10-11 13:30:22 -0700


Started GET "/assets/application.css?body=1" for 127.0.0.1 at 2014-10-11 13:30:54 -0700


Started GET "/users/new" for 127.0.0.1 at 2014-10-11 13:31:36 -0700
Processing by UsersController#new as HTML
  Rendered users/new.html.erb within layouts/application (3.0ms)
Completed 200 OK in 20ms (Views: 18.8ms | ActiveRecord: 0.0ms)


Started POST "/users" for 127.0.0.1 at 2014-10-11 13:32:02 -0700
Processing by UsersController#create as HTML
  Parameters: {"utf8"=>"✓", "authenticity_token"=>"9evCw5gSAA2FrK7Jbk5V9U2NtnQSjVaafCiJLjEuoaE=", "user"=>{"email"=>"davinblunt@gmail.com", "password"=>"[FILTERED]", "password_confirmation"=>"[FILTERED]"}, "commit"=>"Create User"}
Unpermitted parameters: password_confirmation
  [1m[36m (0.1ms)[0m  [1mBEGIN[0m
  [1m[35mSQL (0.3ms)[0m  INSERT INTO "users" ("email", "password_digest") VALUES ($1, $2) RETURNING "id"  [["email", "davinblunt@gmail.com"], ["password_digest", "$2a$10$UIVdZLodaeV7yYtE7yIb0u2VCZd8usiaYs9BPWWbQ0EHgV5GNNoxm"]]
  [1m[36m (0.3ms)[0m  [1mCOMMIT[0m
Redirected to http://localhost:3000/
Completed 302 Found in 77ms (ActiveRecord: 0.7ms)


Started GET "/" for 127.0.0.1 at 2014-10-11 13:32:02 -0700
Processing by QuestionsController#index as HTML
  [1m[35mQuestion Load (0.2ms)[0m  SELECT "questions".* FROM "questions"
  Rendered questions/index.html.erb within layouts/application (2.1ms)
Completed 200 OK in 19ms (Views: 17.8ms | ActiveRecord: 0.2ms)


Started GET "/assets/application.css?body=1" for 127.0.0.1 at 2014-10-11 13:32:02 -0700


Started GET "/assets/jquery.js?body=1" for 127.0.0.1 at 2014-10-11 13:32:02 -0700


Started GET "/assets/jquery_ujs.js?body=1" for 127.0.0.1 at 2014-10-11 13:32:02 -0700


Started GET "/assets/turbolinks.js?body=1" for 127.0.0.1 at 2014-10-11 13:32:02 -0700


Started GET "/assets/application.js?body=1" for 127.0.0.1 at 2014-10-11 13:32:02 -0700


Started GET "/" for 127.0.0.1 at 2014-10-11 14:07:33 -0700
Processing by QuestionsController#index as HTML
  [1m[36mQuestion Load (0.3ms)[0m  [1mSELECT "questions".* FROM "questions"[0m
  Rendered questions/index.html.erb within layouts/application (2.3ms)
Completed 200 OK in 58ms (Views: 57.2ms | ActiveRecord: 0.3ms)


Started GET "/assets/jquery.js?body=1" for 127.0.0.1 at 2014-10-11 14:07:33 -0700


Started GET "/assets/application.css?body=1" for 127.0.0.1 at 2014-10-11 14:07:34 -0700


Started GET "/assets/jquery_ujs.js?body=1" for 127.0.0.1 at 2014-10-11 14:07:34 -0700


Started GET "/assets/turbolinks.js?body=1" for 127.0.0.1 at 2014-10-11 14:07:34 -0700


Started GET "/assets/application.js?body=1" for 127.0.0.1 at 2014-10-11 14:07:34 -0700


Started GET "/" for 127.0.0.1 at 2014-10-11 14:08:30 -0700
  [1m[36mActiveRecord::SchemaMigration Load (0.4ms)[0m  [1mSELECT "schema_migrations".* FROM "schema_migrations"[0m
Processing by QuestionsController#index as HTML
  [1m[35mQuestion Load (0.4ms)[0m  SELECT "questions".* FROM "questions"
  Rendered questions/index.html.erb within layouts/application (26.0ms)
Completed 200 OK in 409ms (Views: 395.8ms | ActiveRecord: 1.7ms)


Started GET "/assets/application.css?body=1" for 127.0.0.1 at 2014-10-11 14:08:31 -0700


Started GET "/assets/jquery.js?body=1" for 127.0.0.1 at 2014-10-11 14:08:31 -0700


Started GET "/assets/jquery_ujs.js?body=1" for 127.0.0.1 at 2014-10-11 14:08:31 -0700


Started GET "/assets/application.js?body=1" for 127.0.0.1 at 2014-10-11 14:08:31 -0700


Started GET "/assets/turbolinks.js?body=1" for 127.0.0.1 at 2014-10-11 14:08:31 -0700


Started GET "/assets/application.css?body=1" for 127.0.0.1 at 2014-10-11 14:09:20 -0700


Started GET "/" for 127.0.0.1 at 2014-10-11 14:10:39 -0700
Processing by QuestionsController#index as HTML
  [1m[36mQuestion Load (0.2ms)[0m  [1mSELECT "questions".* FROM "questions"[0m
  Rendered questions/index.html.erb within layouts/application (3.9ms)
Completed 200 OK in 21ms (Views: 20.2ms | ActiveRecord: 0.2ms)


Started GET "/assets/application.css?body=1" for 127.0.0.1 at 2014-10-11 14:10:39 -0700


Started GET "/assets/jquery.js?body=1" for 127.0.0.1 at 2014-10-11 14:10:39 -0700


Started GET "/assets/jquery_ujs.js?body=1" for 127.0.0.1 at 2014-10-11 14:10:39 -0700


Started GET "/assets/turbolinks.js?body=1" for 127.0.0.1 at 2014-10-11 14:10:39 -0700


Started GET "/assets/application.js?body=1" for 127.0.0.1 at 2014-10-11 14:10:39 -0700


Started GET "/" for 127.0.0.1 at 2014-10-11 14:12:39 -0700
Processing by QuestionsController#index as HTML
  [1m[35mQuestion Load (0.2ms)[0m  SELECT "questions".* FROM "questions"
  Rendered questions/index.html.erb within layouts/application (3.3ms)
Completed 200 OK in 22ms (Views: 20.4ms | ActiveRecord: 0.2ms)


Started GET "/assets/application.css?body=1" for 127.0.0.1 at 2014-10-11 14:12:39 -0700


Started GET "/assets/jquery.js?body=1" for 127.0.0.1 at 2014-10-11 14:12:39 -0700


Started GET "/assets/jquery_ujs.js?body=1" for 127.0.0.1 at 2014-10-11 14:12:39 -0700


Started GET "/assets/turbolinks.js?body=1" for 127.0.0.1 at 2014-10-11 14:12:39 -0700


Started GET "/assets/application.js?body=1" for 127.0.0.1 at 2014-10-11 14:12:39 -0700


Started GET "/" for 127.0.0.1 at 2014-10-11 14:16:42 -0700
Processing by QuestionsController#index as HTML
  [1m[36mQuestion Load (0.2ms)[0m  [1mSELECT "questions".* FROM "questions"[0m
  Rendered questions/index.html.erb within layouts/application (4.7ms)
Completed 200 OK in 26ms (Views: 21.7ms | ActiveRecord: 1.5ms)


Started GET "/assets/application.css?body=1" for 127.0.0.1 at 2014-10-11 14:16:42 -0700


Started GET "/assets/jquery.js?body=1" for 127.0.0.1 at 2014-10-11 14:16:42 -0700


Started GET "/assets/turbolinks.js?body=1" for 127.0.0.1 at 2014-10-11 14:16:42 -0700


Started GET "/assets/application.js?body=1" for 127.0.0.1 at 2014-10-11 14:16:42 -0700


Started GET "/assets/jquery_ujs.js?body=1" for 127.0.0.1 at 2014-10-11 14:16:42 -0700


Started GET "/" for 127.0.0.1 at 2014-10-11 14:17:32 -0700
Processing by QuestionsController#index as HTML
  Rendered questions/index.html.erb within layouts/application (0.7ms)
Completed 500 Internal Server Error in 4ms

SyntaxError (/Users/devmode/Desktop/stack_over_flow/StackTooDeep/app/views/questions/index.html.erb:16: syntax error, unexpected keyword_end, expecting ')'
'.freeze; end 
             ^
/Users/devmode/Desktop/stack_over_flow/StackTooDeep/app/views/questions/index.html.erb:18: syntax error, unexpected keyword_ensure, expecting ')'
/Users/devmode/Desktop/stack_over_flow/StackTooDeep/app/views/questions/index.html.erb:20: syntax error, unexpected keyword_end, expecting ')'):
  app/views/questions/index.html.erb:16: syntax error, unexpected keyword_end, expecting ')'
  app/views/questions/index.html.erb:18: syntax error, unexpected keyword_ensure, expecting ')'
  app/views/questions/index.html.erb:20: syntax error, unexpected keyword_end, expecting ')'


  Rendered /Users/devmode/.rvm/gems/ruby-2.0.0-p481/gems/actionpack-4.1.5/lib/action_dispatch/middleware/templates/rescues/_source.erb (0.5ms)
  Rendered /Users/devmode/.rvm/gems/ruby-2.0.0-p481/gems/actionpack-4.1.5/lib/action_dispatch/middleware/templates/rescues/_trace.html.erb (1.2ms)
  Rendered /Users/devmode/.rvm/gems/ruby-2.0.0-p481/gems/actionpack-4.1.5/lib/action_dispatch/middleware/templates/rescues/_request_and_response.html.erb (0.8ms)
  Rendered /Users/devmode/.rvm/gems/ruby-2.0.0-p481/gems/actionpack-4.1.5/lib/action_dispatch/middleware/templates/rescues/diagnostics.erb within rescues/layout (15.5ms)


Started GET "/" for 127.0.0.1 at 2014-10-11 14:18:01 -0700
Processing by QuestionsController#index as HTML
  Rendered questions/index.html.erb within layouts/application (0.7ms)
Completed 500 Internal Server Error in 4ms

SyntaxError (/Users/devmode/Desktop/stack_over_flow/StackTooDeep/app/views/questions/index.html.erb:16: syntax error, unexpected keyword_end, expecting ')'
'.freeze; end 
             ^
/Users/devmode/Desktop/stack_over_flow/StackTooDeep/app/views/questions/index.html.erb:19: syntax error, unexpected keyword_ensure, expecting ')'
/Users/devmode/Desktop/stack_over_flow/StackTooDeep/app/views/questions/index.html.erb:21: syntax error, unexpected keyword_end, expecting ')'):
  app/views/questions/index.html.erb:16: syntax error, unexpected keyword_end, expecting ')'
  app/views/questions/index.html.erb:19: syntax error, unexpected keyword_ensure, expecting ')'
  app/views/questions/index.html.erb:21: syntax error, unexpected keyword_end, expecting ')'


  Rendered /Users/devmode/.rvm/gems/ruby-2.0.0-p481/gems/actionpack-4.1.5/lib/action_dispatch/middleware/templates/rescues/_source.erb (0.6ms)
  Rendered /Users/devmode/.rvm/gems/ruby-2.0.0-p481/gems/actionpack-4.1.5/lib/action_dispatch/middleware/templates/rescues/_trace.html.erb (1.1ms)
  Rendered /Users/devmode/.rvm/gems/ruby-2.0.0-p481/gems/actionpack-4.1.5/lib/action_dispatch/middleware/templates/rescues/_request_and_response.html.erb (0.8ms)
  Rendered /Users/devmode/.rvm/gems/ruby-2.0.0-p481/gems/actionpack-4.1.5/lib/action_dispatch/middleware/templates/rescues/diagnostics.erb within rescues/layout (13.9ms)


Started GET "/" for 127.0.0.1 at 2014-10-11 14:18:03 -0700
Processing by QuestionsController#index as HTML
  Rendered questions/index.html.erb within layouts/application (0.5ms)
Completed 500 Internal Server Error in 3ms

SyntaxError (/Users/devmode/Desktop/stack_over_flow/StackTooDeep/app/views/questions/index.html.erb:16: syntax error, unexpected keyword_end, expecting ')'
'.freeze; end 
             ^
/Users/devmode/Desktop/stack_over_flow/StackTooDeep/app/views/questions/index.html.erb:19: syntax error, unexpected keyword_ensure, expecting ')'
/Users/devmode/Desktop/stack_over_flow/StackTooDeep/app/views/questions/index.html.erb:21: syntax error, unexpected keyword_end, expecting ')'):
  app/views/questions/index.html.erb:16: syntax error, unexpected keyword_end, expecting ')'
  app/views/questions/index.html.erb:19: syntax error, unexpected keyword_ensure, expecting ')'
  app/views/questions/index.html.erb:21: syntax error, unexpected keyword_end, expecting ')'


  Rendered /Users/devmode/.rvm/gems/ruby-2.0.0-p481/gems/actionpack-4.1.5/lib/action_dispatch/middleware/templates/rescues/_source.erb (0.6ms)
  Rendered /Users/devmode/.rvm/gems/ruby-2.0.0-p481/gems/actionpack-4.1.5/lib/action_dispatch/middleware/templates/rescues/_trace.html.erb (32.9ms)
  Rendered /Users/devmode/.rvm/gems/ruby-2.0.0-p481/gems/actionpack-4.1.5/lib/action_dispatch/middleware/templates/rescues/_request_and_response.html.erb (0.8ms)
  Rendered /Users/devmode/.rvm/gems/ruby-2.0.0-p481/gems/actionpack-4.1.5/lib/action_dispatch/middleware/templates/rescues/diagnostics.erb within rescues/layout (44.0ms)


Started GET "/" for 127.0.0.1 at 2014-10-11 14:19:01 -0700
Processing by QuestionsController#index as HTML
  [1m[35mQuestion Load (0.2ms)[0m  SELECT "questions".* FROM "questions"
  Rendered questions/index.html.erb within layouts/application (3.7ms)
Completed 500 Internal Server Error in 6ms

ActionView::Template::Error (No route matches {:action=>"show", :controller=>"questions"} missing required keys: [:id]):
    12: 
    13: <aside class="questions-sidebar">
    14: 	<% @questions.each do |question| %>
    15:   <p><%= link_to question.title, show_question_path %></p>
    16: <% end %>
    17: </aside>
  app/views/questions/index.html.erb:15:in `block in _app_views_questions_index_html_erb__4127597220004075090_2172793200'
  app/views/questions/index.html.erb:14:in `_app_views_questions_index_html_erb__4127597220004075090_2172793200'


  Rendered /Users/devmode/.rvm/gems/ruby-2.0.0-p481/gems/actionpack-4.1.5/lib/action_dispatch/middleware/templates/rescues/_trace.html.erb (0.9ms)
  Rendered /Users/devmode/.rvm/gems/ruby-2.0.0-p481/gems/actionpack-4.1.5/lib/action_dispatch/middleware/templates/rescues/_request_and_response.html.erb (0.8ms)
  Rendered /Users/devmode/.rvm/gems/ruby-2.0.0-p481/gems/actionpack-4.1.5/lib/action_dispatch/middleware/templates/rescues/template_error.html.erb within rescues/layout (8.3ms)


Started GET "/" for 127.0.0.1 at 2014-10-11 14:19:57 -0700
Processing by QuestionsController#index as HTML
  [1m[36mQuestion Load (0.3ms)[0m  [1mSELECT "questions".* FROM "questions"[0m
  Rendered questions/index.html.erb within layouts/application (5.2ms)
Completed 500 Internal Server Error in 10ms

ActionView::Template::Error (No route matches {:action=>"show", :controller=>"questions"} missing required keys: [:id]):
    12: 
    13: <aside class="questions-sidebar">
    14: 	<% @questions.each do |question| %>
    15:   <p><%= link_to question.title, show_question_path %></p>
    16: <% end %>
    17: </aside>
  app/views/questions/index.html.erb:15:in `block in _app_views_questions_index_html_erb__4127597220004075090_2172793200'
  app/views/questions/index.html.erb:14:in `_app_views_questions_index_html_erb__4127597220004075090_2172793200'


  Rendered /Users/devmode/.rvm/gems/ruby-2.0.0-p481/gems/actionpack-4.1.5/lib/action_dispatch/middleware/templates/rescues/_trace.html.erb (1.1ms)
  Rendered /Users/devmode/.rvm/gems/ruby-2.0.0-p481/gems/actionpack-4.1.5/lib/action_dispatch/middleware/templates/rescues/_request_and_response.html.erb (0.9ms)
  Rendered /Users/devmode/.rvm/gems/ruby-2.0.0-p481/gems/actionpack-4.1.5/lib/action_dispatch/middleware/templates/rescues/template_error.html.erb within rescues/layout (10.0ms)


Started GET "/" for 127.0.0.1 at 2014-10-11 14:20:00 -0700
Processing by QuestionsController#index as HTML
  [1m[35mQuestion Load (0.3ms)[0m  SELECT "questions".* FROM "questions"
  Rendered questions/index.html.erb within layouts/application (4.4ms)
Completed 500 Internal Server Error in 7ms

ActionView::Template::Error (No route matches {:action=>"show", :controller=>"questions"} missing required keys: [:id]):
    12: 
    13: <aside class="questions-sidebar">
    14: 	<% @questions.each do |question| %>
    15:   <p><%= link_to question.title, show_question_path %></p>
    16: <% end %>
    17: </aside>
  app/views/questions/index.html.erb:15:in `block in _app_views_questions_index_html_erb__4127597220004075090_2172793200'
  app/views/questions/index.html.erb:14:in `_app_views_questions_index_html_erb__4127597220004075090_2172793200'


  Rendered /Users/devmode/.rvm/gems/ruby-2.0.0-p481/gems/actionpack-4.1.5/lib/action_dispatch/middleware/templates/rescues/_trace.html.erb (0.9ms)
  Rendered /Users/devmode/.rvm/gems/ruby-2.0.0-p481/gems/actionpack-4.1.5/lib/action_dispatch/middleware/templates/rescues/_request_and_response.html.erb (0.9ms)
  Rendered /Users/devmode/.rvm/gems/ruby-2.0.0-p481/gems/actionpack-4.1.5/lib/action_dispatch/middleware/templates/rescues/template_error.html.erb within rescues/layout (8.9ms)


Started GET "/" for 127.0.0.1 at 2014-10-11 14:20:14 -0700
Processing by QuestionsController#index as HTML
  [1m[36mQuestion Load (0.3ms)[0m  [1mSELECT "questions".* FROM "questions"[0m
  Rendered questions/index.html.erb within layouts/application (4.5ms)
Completed 200 OK in 26ms (Views: 25.0ms | ActiveRecord: 0.3ms)


Started GET "/assets/jquery_ujs.js?body=1" for 127.0.0.1 at 2014-10-11 14:20:14 -0700


Started GET "/assets/jquery.js?body=1" for 127.0.0.1 at 2014-10-11 14:20:14 -0700


Started GET "/assets/turbolinks.js?body=1" for 127.0.0.1 at 2014-10-11 14:20:14 -0700


Started GET "/assets/application.js?body=1" for 127.0.0.1 at 2014-10-11 14:20:14 -0700


Started GET "/assets/application.css?body=1" for 127.0.0.1 at 2014-10-11 14:20:14 -0700


Started GET "/questions/1" for 127.0.0.1 at 2014-10-11 14:20:22 -0700
Processing by QuestionsController#show as HTML
  Parameters: {"id"=>"1"}
  [1m[35mQuestion Load (0.2ms)[0m  SELECT  "questions".* FROM "questions"  WHERE "questions"."id" = $1 LIMIT 1  [["id", 1]]
  [1m[36mAnswer Load (0.7ms)[0m  [1mSELECT "answers".* FROM "answers"   ORDER BY vote_count DESC[0m
  Rendered questions/show.html.erb within layouts/application (8.2ms)
Completed 200 OK in 43ms (Views: 27.6ms | ActiveRecord: 2.6ms)


Started GET "/questions/2" for 127.0.0.1 at 2014-10-11 14:20:35 -0700
Processing by QuestionsController#show as HTML
  Parameters: {"id"=>"2"}
  [1m[35mQuestion Load (0.4ms)[0m  SELECT  "questions".* FROM "questions"  WHERE "questions"."id" = $1 LIMIT 1  [["id", 2]]
  [1m[36mAnswer Load (0.2ms)[0m  [1mSELECT "answers".* FROM "answers"   ORDER BY vote_count DESC[0m
  Rendered questions/show.html.erb within layouts/application (1.3ms)
Completed 200 OK in 20ms (Views: 17.8ms | ActiveRecord: 0.7ms)


Started GET "/questions/3" for 127.0.0.1 at 2014-10-11 14:20:42 -0700
Processing by QuestionsController#show as HTML
  Parameters: {"id"=>"3"}
  [1m[35mQuestion Load (0.3ms)[0m  SELECT  "questions".* FROM "questions"  WHERE "questions"."id" = $1 LIMIT 1  [["id", 3]]
  [1m[36mAnswer Load (0.2ms)[0m  [1mSELECT "answers".* FROM "answers"   ORDER BY vote_count DESC[0m
  Rendered questions/show.html.erb within layouts/application (1.2ms)
Completed 200 OK in 19ms (Views: 16.9ms | ActiveRecord: 0.5ms)


Started GET "/" for 127.0.0.1 at 2014-10-11 14:29:15 -0700
Processing by QuestionsController#index as HTML
  [1m[35mQuestion Load (0.3ms)[0m  SELECT "questions".* FROM "questions"
  Rendered questions/index.html.erb within layouts/application (2.4ms)
Completed 200 OK in 20ms (Views: 18.6ms | ActiveRecord: 0.3ms)


Started GET "/assets/application.css?body=1" for 127.0.0.1 at 2014-10-11 14:29:15 -0700


Started GET "/assets/jquery.js?body=1" for 127.0.0.1 at 2014-10-11 14:29:15 -0700


Started GET "/assets/application.js?body=1" for 127.0.0.1 at 2014-10-11 14:29:15 -0700


Started GET "/assets/turbolinks.js?body=1" for 127.0.0.1 at 2014-10-11 14:29:15 -0700


Started GET "/assets/jquery_ujs.js?body=1" for 127.0.0.1 at 2014-10-11 14:29:15 -0700


Started GET "/" for 127.0.0.1 at 2014-10-11 15:23:50 -0700
  [1m[36mActiveRecord::SchemaMigration Load (0.4ms)[0m  [1mSELECT "schema_migrations".* FROM "schema_migrations"[0m
Processing by QuestionsController#index as HTML
  [1m[35mQuestion Load (0.3ms)[0m  SELECT "questions".* FROM "questions"
  Rendered questions/index.html.erb within layouts/application (54.9ms)
Completed 200 OK in 402ms (Views: 388.5ms | ActiveRecord: 1.7ms)


Started GET "/assets/jquery.js?body=1" for 127.0.0.1 at 2014-10-11 15:23:51 -0700


Started GET "/assets/application.css?body=1" for 127.0.0.1 at 2014-10-11 15:23:51 -0700


Started GET "/assets/turbolinks.js?body=1" for 127.0.0.1 at 2014-10-11 15:23:51 -0700


Started GET "/assets/jquery_ujs.js?body=1" for 127.0.0.1 at 2014-10-11 15:23:51 -0700


Started GET "/assets/application.js?body=1" for 127.0.0.1 at 2014-10-11 15:23:51 -0700


Started GET "/" for 127.0.0.1 at 2014-10-11 15:54:07 -0700
Processing by QuestionsController#index as HTML
  [1m[36mQuestion Load (0.2ms)[0m  [1mSELECT "questions".* FROM "questions"[0m
  Rendered questions/index.html.erb within layouts/application (6.2ms)
Completed 200 OK in 58ms (Views: 53.8ms | ActiveRecord: 1.6ms)


Started GET "/assets/jquery_ujs.js?body=1" for 127.0.0.1 at 2014-10-11 15:54:07 -0700


Started GET "/assets/turbolinks.js?body=1" for 127.0.0.1 at 2014-10-11 15:54:07 -0700


Started GET "/assets/jquery.js?body=1" for 127.0.0.1 at 2014-10-11 15:54:07 -0700


Started GET "/assets/application.css?body=1" for 127.0.0.1 at 2014-10-11 15:54:07 -0700


Started GET "/assets/application.js?body=1" for 127.0.0.1 at 2014-10-11 15:54:07 -0700


Started GET "/questions/2/edit" for 127.0.0.1 at 2014-10-11 15:54:12 -0700
Processing by QuestionsController#edit as HTML
  Parameters: {"id"=>"2"}
  [1m[35mQuestion Load (0.5ms)[0m  SELECT  "questions".* FROM "questions"  WHERE "questions"."id" = $1 LIMIT 1  [["id", 2]]
  Rendered questions/edit.html.erb within layouts/application (2.2ms)
Completed 200 OK in 22ms (Views: 19.5ms | ActiveRecord: 0.7ms)


Started GET "/" for 127.0.0.1 at 2014-10-11 16:27:28 -0700
Processing by QuestionsController#index as HTML
  [1m[36mQuestion Load (0.2ms)[0m  [1mSELECT "questions".* FROM "questions"[0m
  Rendered questions/index.html.erb within layouts/application (2.9ms)
Completed 200 OK in 21ms (Views: 20.3ms | ActiveRecord: 0.2ms)


Started GET "/assets/jquery.js?body=1" for 127.0.0.1 at 2014-10-11 16:27:28 -0700


Started GET "/assets/application.css?body=1" for 127.0.0.1 at 2014-10-11 16:27:28 -0700


Started GET "/assets/application.js?body=1" for 127.0.0.1 at 2014-10-11 16:27:28 -0700


Started GET "/assets/jquery_ujs.js?body=1" for 127.0.0.1 at 2014-10-11 16:27:28 -0700


Started GET "/assets/turbolinks.js?body=1" for 127.0.0.1 at 2014-10-11 16:27:28 -0700


Started GET "/users/new" for 127.0.0.1 at 2014-10-11 16:27:30 -0700
Processing by UsersController#new as HTML
  Rendered users/new.html.erb within layouts/application (5.8ms)
Completed 200 OK in 65ms (Views: 57.9ms | ActiveRecord: 2.7ms)


Started GET "/users/new" for 127.0.0.1 at 2014-10-11 16:35:28 -0700

ActiveRecord::NoDatabaseError (FATAL:  database "StackTooDeep_development" does not exist
Run `$ bin/rake db:create db:migrate` to create your database):
  activerecord (4.1.5) lib/active_record/connection_adapters/postgresql_adapter.rb:898:in `rescue in connect'
  activerecord (4.1.5) lib/active_record/connection_adapters/postgresql_adapter.rb:888:in `connect'
  activerecord (4.1.5) lib/active_record/connection_adapters/postgresql_adapter.rb:568:in `initialize'
  activerecord (4.1.5) lib/active_record/connection_adapters/postgresql_adapter.rb:41:in `new'
  activerecord (4.1.5) lib/active_record/connection_adapters/postgresql_adapter.rb:41:in `postgresql_connection'
  activerecord (4.1.5) lib/active_record/connection_adapters/abstract/connection_pool.rb:435:in `new_connection'
  activerecord (4.1.5) lib/active_record/connection_adapters/abstract/connection_pool.rb:445:in `checkout_new_connection'
  activerecord (4.1.5) lib/active_record/connection_adapters/abstract/connection_pool.rb:416:in `acquire_connection'
  activerecord (4.1.5) lib/active_record/connection_adapters/abstract/connection_pool.rb:351:in `block in checkout'
  /Users/devmode/.rvm/rubies/ruby-2.0.0-p481/lib/ruby/2.0.0/monitor.rb:211:in `mon_synchronize'
  activerecord (4.1.5) lib/active_record/connection_adapters/abstract/connection_pool.rb:350:in `checkout'
  activerecord (4.1.5) lib/active_record/connection_adapters/abstract/connection_pool.rb:265:in `block in connection'
  /Users/devmode/.rvm/rubies/ruby-2.0.0-p481/lib/ruby/2.0.0/monitor.rb:211:in `mon_synchronize'
  activerecord (4.1.5) lib/active_record/connection_adapters/abstract/connection_pool.rb:264:in `connection'
  activerecord (4.1.5) lib/active_record/connection_adapters/abstract/connection_pool.rb:541:in `retrieve_connection'
  activerecord (4.1.5) lib/active_record/connection_handling.rb:113:in `retrieve_connection'
  activerecord (4.1.5) lib/active_record/connection_handling.rb:87:in `connection'
  activerecord (4.1.5) lib/active_record/migration.rb:388:in `check_pending!'
  activerecord (4.1.5) lib/active_record/migration.rb:377:in `call'
  actionpack (4.1.5) lib/action_dispatch/middleware/callbacks.rb:29:in `block in call'
  activesupport (4.1.5) lib/active_support/callbacks.rb:82:in `run_callbacks'
  actionpack (4.1.5) lib/action_dispatch/middleware/callbacks.rb:27:in `call'
  actionpack (4.1.5) lib/action_dispatch/middleware/reloader.rb:73:in `call'
  actionpack (4.1.5) lib/action_dispatch/middleware/remote_ip.rb:76:in `call'
  actionpack (4.1.5) lib/action_dispatch/middleware/debug_exceptions.rb:17:in `call'
  actionpack (4.1.5) lib/action_dispatch/middleware/show_exceptions.rb:30:in `call'
  railties (4.1.5) lib/rails/rack/logger.rb:38:in `call_app'
  railties (4.1.5) lib/rails/rack/logger.rb:20:in `block in call'
  activesupport (4.1.5) lib/active_support/tagged_logging.rb:68:in `block in tagged'
  activesupport (4.1.5) lib/active_support/tagged_logging.rb:26:in `tagged'
  activesupport (4.1.5) lib/active_support/tagged_logging.rb:68:in `tagged'
  railties (4.1.5) lib/rails/rack/logger.rb:20:in `call'
  actionpack (4.1.5) lib/action_dispatch/middleware/request_id.rb:21:in `call'
  rack (1.5.2) lib/rack/methodoverride.rb:21:in `call'
  rack (1.5.2) lib/rack/runtime.rb:17:in `call'
  activesupport (4.1.5) lib/active_support/cache/strategy/local_cache_middleware.rb:26:in `call'
  rack (1.5.2) lib/rack/lock.rb:17:in `call'
  actionpack (4.1.5) lib/action_dispatch/middleware/static.rb:64:in `call'
  rack (1.5.2) lib/rack/sendfile.rb:112:in `call'
  railties (4.1.5) lib/rails/engine.rb:514:in `call'
  railties (4.1.5) lib/rails/application.rb:144:in `call'
  rack (1.5.2) lib/rack/lock.rb:17:in `call'
  rack (1.5.2) lib/rack/content_length.rb:14:in `call'
  rack (1.5.2) lib/rack/handler/webrick.rb:60:in `service'
  /Users/devmode/.rvm/rubies/ruby-2.0.0-p481/lib/ruby/2.0.0/webrick/httpserver.rb:138:in `service'
  /Users/devmode/.rvm/rubies/ruby-2.0.0-p481/lib/ruby/2.0.0/webrick/httpserver.rb:94:in `run'
  /Users/devmode/.rvm/rubies/ruby-2.0.0-p481/lib/ruby/2.0.0/webrick/server.rb:295:in `block in start_thread'


  Rendered /Users/devmode/.rvm/gems/ruby-2.0.0-p481/gems/actionpack-4.1.5/lib/action_dispatch/middleware/templates/rescues/_source.erb (0.5ms)
  Rendered /Users/devmode/.rvm/gems/ruby-2.0.0-p481/gems/actionpack-4.1.5/lib/action_dispatch/middleware/templates/rescues/_trace.html.erb (0.9ms)
  Rendered /Users/devmode/.rvm/gems/ruby-2.0.0-p481/gems/actionpack-4.1.5/lib/action_dispatch/middleware/templates/rescues/_request_and_response.html.erb (0.9ms)
  Rendered /Users/devmode/.rvm/gems/ruby-2.0.0-p481/gems/actionpack-4.1.5/lib/action_dispatch/middleware/templates/rescues/diagnostics.erb within rescues/layout (16.3ms)
  [1m[36m (1.9ms)[0m  [1mCREATE TABLE "schema_migrations" ("version" character varying(255) NOT NULL) [0m
  [1m[35m (1.8ms)[0m  CREATE UNIQUE INDEX  "unique_schema_migrations" ON "schema_migrations"  ("version")
  [1m[36mActiveRecord::SchemaMigration Load (0.3ms)[0m  [1mSELECT "schema_migrations".* FROM "schema_migrations"[0m
Migrating to CreateAnswers (20141010215228)
  [1m[35m (0.1ms)[0m  BEGIN
  [1m[36m (3.9ms)[0m  [1mCREATE TABLE "answers" ("id" serial primary key, "user_id" integer, "body" character varying(255), "vote_count" integer DEFAULT 0, "created_at" timestamp, "updated_at" timestamp) [0m
  [1m[35mSQL (0.9ms)[0m  INSERT INTO "schema_migrations" ("version") VALUES ($1)  [["version", "20141010215228"]]
  [1m[36m (0.3ms)[0m  [1mCOMMIT[0m
Migrating to CreateUser (20141010220430)
  [1m[35m (0.6ms)[0m  BEGIN
  [1m[36m (3.2ms)[0m  [1mCREATE TABLE "users" ("id" serial primary key, "username" character varying(255), "email" character varying(255), "password" character varying(255)) [0m
  [1m[35mSQL (0.1ms)[0m  INSERT INTO "schema_migrations" ("version") VALUES ($1)  [["version", "20141010220430"]]
  [1m[36m (0.4ms)[0m  [1mCOMMIT[0m
Migrating to ChangeColumnName (20141010224739)
  [1m[35m (0.6ms)[0m  BEGIN
  [1m[36m (0.2ms)[0m  [1mALTER TABLE "users" RENAME COLUMN "password" TO "password_digest"[0m
  [1m[35mSQL (0.1ms)[0m  INSERT INTO "schema_migrations" ("version") VALUES ($1)  [["version", "20141010224739"]]
  [1m[36m (0.3ms)[0m  [1mCOMMIT[0m
Migrating to CreateQuestions (20141010224751)
  [1m[35m (0.1ms)[0m  BEGIN
  [1m[36m (3.7ms)[0m  [1mCREATE TABLE "questions" ("id" serial primary key, "title" character varying(255), "body" character varying(255)) [0m
  [1m[35mSQL (0.1ms)[0m  INSERT INTO "schema_migrations" ("version") VALUES ($1)  [["version", "20141010224751"]]
  [1m[36m (0.4ms)[0m  [1mCOMMIT[0m
  [1m[35mActiveRecord::SchemaMigration Load (0.2ms)[0m  SELECT "schema_migrations".* FROM "schema_migrations"


Started GET "/users/new" for 127.0.0.1 at 2014-10-11 16:36:27 -0700
  [1m[36mActiveRecord::SchemaMigration Load (0.3ms)[0m  [1mSELECT "schema_migrations".* FROM "schema_migrations"[0m
Processing by UsersController#new as HTML
  Rendered users/new.html.erb within layouts/application (20.8ms)
Completed 200 OK in 617ms (Views: 602.6ms | ActiveRecord: 1.4ms)


Started GET "/assets/turbolinks.js?body=1" for 127.0.0.1 at 2014-10-11 16:36:28 -0700


Started GET "/assets/application.css?body=1" for 127.0.0.1 at 2014-10-11 16:36:28 -0700


Started GET "/assets/jquery_ujs.js?body=1" for 127.0.0.1 at 2014-10-11 16:36:28 -0700


Started GET "/assets/jquery.js?body=1" for 127.0.0.1 at 2014-10-11 16:36:28 -0700


Started GET "/assets/application.js?body=1" for 127.0.0.1 at 2014-10-11 16:36:28 -0700


Started POST "/users" for 127.0.0.1 at 2014-10-11 16:36:42 -0700
Processing by UsersController#create as HTML
  Parameters: {"utf8"=>"✓", "authenticity_token"=>"9evCw5gSAA2FrK7Jbk5V9U2NtnQSjVaafCiJLjEuoaE=", "user"=>{"email"=>"jaycdave@gmail.com", "password"=>"[FILTERED]", "password_confirmation"=>"[FILTERED]"}, "commit"=>"Create User"}
Unpermitted parameters: password_confirmation
  [1m[35m (0.1ms)[0m  BEGIN
  [1m[36mSQL (1.1ms)[0m  [1mINSERT INTO "users" ("email", "password_digest") VALUES ($1, $2) RETURNING "id"[0m  [["email", "jaycdave@gmail.com"], ["password_digest", "$2a$10$1lv3B6RdYeG9W0BuAx5g1uK4A65mcdlfi1bKR25nbtSBZHyWGbDJS"]]
  [1m[35m (0.4ms)[0m  COMMIT
Redirected to http://localhost:3000/
Completed 302 Found in 73ms (ActiveRecord: 1.7ms)


Started GET "/" for 127.0.0.1 at 2014-10-11 16:36:42 -0700
Processing by QuestionsController#index as HTML
  [1m[36mQuestion Load (0.4ms)[0m  [1mSELECT "questions".* FROM "questions"[0m
  Rendered questions/index.html.erb within layouts/application (1.9ms)
Completed 200 OK in 54ms (Views: 49.1ms | ActiveRecord: 1.7ms)


Started GET "/assets/application.css?body=1" for 127.0.0.1 at 2014-10-11 16:36:42 -0700


Started GET "/assets/turbolinks.js?body=1" for 127.0.0.1 at 2014-10-11 16:36:42 -0700


Started GET "/assets/jquery.js?body=1" for 127.0.0.1 at 2014-10-11 16:36:42 -0700


Started GET "/assets/jquery_ujs.js?body=1" for 127.0.0.1 at 2014-10-11 16:36:42 -0700


Started POST "/users" for 127.0.0.1 at 2014-10-11 16:37:00 -0700
Processing by UsersController#create as HTML
  Parameters: {"utf8"=>"✓", "authenticity_token"=>"9evCw5gSAA2FrK7Jbk5V9U2NtnQSjVaafCiJLjEuoaE=", "user"=>{"email"=>"jaycdave@gmail.com", "password"=>"[FILTERED]", "password_confirmation"=>"[FILTERED]"}, "commit"=>"Create User"}
Unpermitted parameters: password_confirmation
  [1m[35m (0.1ms)[0m  BEGIN
  [1m[36m (0.2ms)[0m  [1mROLLBACK[0m
  Rendered users/new.html.erb within layouts/application (2.9ms)
Completed 200 OK in 23ms (Views: 19.4ms | ActiveRecord: 0.3ms)


Started GET "/assets/application.css?body=1" for 127.0.0.1 at 2014-10-11 16:37:01 -0700


Started GET "/assets/jquery.js?body=1" for 127.0.0.1 at 2014-10-11 16:37:01 -0700


Started GET "/assets/turbolinks.js?body=1" for 127.0.0.1 at 2014-10-11 16:37:01 -0700


Started GET "/assets/jquery_ujs.js?body=1" for 127.0.0.1 at 2014-10-11 16:37:01 -0700


Started POST "/users" for 127.0.0.1 at 2014-10-11 16:37:06 -0700
Processing by UsersController#create as HTML
  Parameters: {"utf8"=>"✓", "authenticity_token"=>"9evCw5gSAA2FrK7Jbk5V9U2NtnQSjVaafCiJLjEuoaE=", "user"=>{"email"=>"jaycdave@gmail.com", "password"=>"[FILTERED]", "password_confirmation"=>"[FILTERED]"}, "commit"=>"Create User"}
Unpermitted parameters: password_confirmation
  [1m[35m (0.1ms)[0m  BEGIN
  [1m[36mSQL (0.2ms)[0m  [1mINSERT INTO "users" ("email", "password_digest") VALUES ($1, $2) RETURNING "id"[0m  [["email", "jaycdave@gmail.com"], ["password_digest", "$2a$10$/pjbDl2k7lOpAunnidHLTeULooyjQRv1K.xeGjFBF78E6CMor0LJe"]]
  [1m[35m (0.4ms)[0m  COMMIT
Redirected to http://localhost:3000/
Completed 302 Found in 76ms (ActiveRecord: 0.7ms)


Started GET "/" for 127.0.0.1 at 2014-10-11 16:37:06 -0700
Processing by QuestionsController#index as HTML
  [1m[36mQuestion Load (0.3ms)[0m  [1mSELECT "questions".* FROM "questions"[0m
  Rendered questions/index.html.erb within layouts/application (1.5ms)
Completed 200 OK in 23ms (Views: 22.3ms | ActiveRecord: 0.3ms)


Started GET "/assets/jquery.js?body=1" for 127.0.0.1 at 2014-10-11 16:37:06 -0700


Started GET "/assets/application.css?body=1" for 127.0.0.1 at 2014-10-11 16:37:06 -0700


Started GET "/assets/turbolinks.js?body=1" for 127.0.0.1 at 2014-10-11 16:37:06 -0700


Started GET "/assets/jquery_ujs.js?body=1" for 127.0.0.1 at 2014-10-11 16:37:06 -0700


Started GET "/sessions/new.%23%3CActionDispatch::Request::Session:0x000001052927b8%3E" for 127.0.0.1 at 2014-10-11 16:37:14 -0700
Processing by SessionsController#new as 
  Rendered sessions/new.html.erb within layouts/application (1.2ms)
Completed 200 OK in 23ms (Views: 22.0ms | ActiveRecord: 0.0ms)


Started GET "/sessions/%23%3CActionDispatch::Request::Session:0x000001052927b8%3E" for 127.0.0.1 at 2014-10-11 16:38:00 -0700
Processing by SessionsController#show as HTML
  Parameters: {"id"=>"#<ActionDispatch::Request::Session:0x000001052927b8>"}
Redirected to http://localhost:3000/
Completed 302 Found in 1ms (ActiveRecord: 0.0ms)


Started GET "/" for 127.0.0.1 at 2014-10-11 16:38:00 -0700
Processing by QuestionsController#index as HTML
  [1m[35mQuestion Load (0.2ms)[0m  SELECT "questions".* FROM "questions"
  Rendered questions/index.html.erb within layouts/application (1.7ms)
Completed 200 OK in 54ms (Views: 53.4ms | ActiveRecord: 0.2ms)


Started GET "/sessions/new.%23%3CActionDispatch::Request::Session:0x00000106393350%3E" for 127.0.0.1 at 2014-10-11 16:38:21 -0700
Processing by SessionsController#new as 
  Rendered sessions/new.html.erb within layouts/application (0.6ms)
Completed 200 OK in 20ms (Views: 19.4ms | ActiveRecord: 0.0ms)


Started POST "/sessions" for 127.0.0.1 at 2014-10-11 16:38:29 -0700
Processing by SessionsController#create as HTML
  Parameters: {"utf8"=>"✓", "authenticity_token"=>"9evCw5gSAA2FrK7Jbk5V9U2NtnQSjVaafCiJLjEuoaE=", "email"=>"Jaycdave@gmail.com", "password"=>"[FILTERED]", "commit"=>"Log In"}
  [1m[36mUser Load (0.6ms)[0m  [1mSELECT  "users".* FROM "users"  WHERE "users"."email" = 'Jaycdave@gmail.com' LIMIT 1[0m
  Rendered sessions/new.html.erb within layouts/application (1.0ms)
Completed 200 OK in 25ms (Views: 16.5ms | ActiveRecord: 0.6ms)


Started GET "/assets/jquery.js?body=1" for 127.0.0.1 at 2014-10-11 16:38:29 -0700


Started GET "/assets/application.css?body=1" for 127.0.0.1 at 2014-10-11 16:38:29 -0700


Started GET "/assets/turbolinks.js?body=1" for 127.0.0.1 at 2014-10-11 16:38:29 -0700


Started GET "/assets/jquery_ujs.js?body=1" for 127.0.0.1 at 2014-10-11 16:38:29 -0700


Started GET "/assets/application.js?body=1" for 127.0.0.1 at 2014-10-11 16:38:29 -0700


Started POST "/sessions" for 127.0.0.1 at 2014-10-11 16:38:38 -0700
Processing by SessionsController#create as HTML
  Parameters: {"utf8"=>"✓", "authenticity_token"=>"9evCw5gSAA2FrK7Jbk5V9U2NtnQSjVaafCiJLjEuoaE=", "email"=>"Jaycdave@gmail.com", "password"=>"[FILTERED]", "commit"=>"Log In"}
  [1m[35mUser Load (0.3ms)[0m  SELECT  "users".* FROM "users"  WHERE "users"."email" = 'Jaycdave@gmail.com' LIMIT 1
  Rendered sessions/new.html.erb within layouts/application (0.5ms)
Completed 200 OK in 18ms (Views: 16.3ms | ActiveRecord: 0.3ms)


Started GET "/assets/application.css?body=1" for 127.0.0.1 at 2014-10-11 16:38:39 -0700


Started GET "/assets/jquery.js?body=1" for 127.0.0.1 at 2014-10-11 16:38:39 -0700


Started GET "/assets/turbolinks.js?body=1" for 127.0.0.1 at 2014-10-11 16:38:39 -0700


Started GET "/assets/jquery_ujs.js?body=1" for 127.0.0.1 at 2014-10-11 16:38:39 -0700


Started GET "/assets/application.js?body=1" for 127.0.0.1 at 2014-10-11 16:38:39 -0700


Started GET "/assets/application.css?body=1" for 127.0.0.1 at 2014-10-11 16:38:41 -0700


Started GET "/assets/jquery_ujs.js?body=1" for 127.0.0.1 at 2014-10-11 16:38:41 -0700


Started GET "/assets/jquery.js?body=1" for 127.0.0.1 at 2014-10-11 16:38:41 -0700


Started GET "/assets/turbolinks.js?body=1" for 127.0.0.1 at 2014-10-11 16:38:41 -0700


Started GET "/assets/application.js?body=1" for 127.0.0.1 at 2014-10-11 16:38:41 -0700


Started GET "/" for 127.0.0.1 at 2014-10-11 16:38:46 -0700
Processing by QuestionsController#index as HTML
  [1m[36mQuestion Load (0.3ms)[0m  [1mSELECT "questions".* FROM "questions"[0m
  Rendered questions/index.html.erb within layouts/application (1.6ms)
Completed 200 OK in 30ms (Views: 28.8ms | ActiveRecord: 0.3ms)


Started GET "/users/new" for 127.0.0.1 at 2014-10-11 16:38:48 -0700
Processing by UsersController#new as HTML
  Rendered users/new.html.erb within layouts/application (2.3ms)
Completed 200 OK in 63ms (Views: 62.1ms | ActiveRecord: 0.0ms)


Started POST "/users" for 127.0.0.1 at 2014-10-11 16:38:54 -0700
Processing by UsersController#create as HTML
  Parameters: {"utf8"=>"✓", "authenticity_token"=>"9evCw5gSAA2FrK7Jbk5V9U2NtnQSjVaafCiJLjEuoaE=", "user"=>{"email"=>"jaycdave@gmail.com", "password"=>"[FILTERED]", "password_confirmation"=>"[FILTERED]"}, "commit"=>"Create User"}
Unpermitted parameters: password_confirmation
  [1m[35m (0.1ms)[0m  BEGIN
  [1m[36mSQL (0.3ms)[0m  [1mINSERT INTO "users" ("email", "password_digest") VALUES ($1, $2) RETURNING "id"[0m  [["email", "jaycdave@gmail.com"], ["password_digest", "$2a$10$PZGQgasosk5LGWuSfXDPCeCIRI2jmgIHPCbGTbo5wenVW771eNcYq"]]
  [1m[35m (0.3ms)[0m  COMMIT
Redirected to http://localhost:3000/
Completed 302 Found in 74ms (ActiveRecord: 0.7ms)


Started GET "/" for 127.0.0.1 at 2014-10-11 16:38:54 -0700
Processing by QuestionsController#index as HTML
  [1m[36mQuestion Load (0.2ms)[0m  [1mSELECT "questions".* FROM "questions"[0m
  Rendered questions/index.html.erb within layouts/application (0.9ms)
Completed 200 OK in 18ms (Views: 17.5ms | ActiveRecord: 0.2ms)


Started GET "/assets/application.css?body=1" for 127.0.0.1 at 2014-10-11 16:38:54 -0700


Started GET "/assets/jquery_ujs.js?body=1" for 127.0.0.1 at 2014-10-11 16:38:54 -0700


Started GET "/assets/turbolinks.js?body=1" for 127.0.0.1 at 2014-10-11 16:38:54 -0700


Started GET "/assets/jquery.js?body=1" for 127.0.0.1 at 2014-10-11 16:38:54 -0700


Started GET "/assets/application.js?body=1" for 127.0.0.1 at 2014-10-11 16:38:54 -0700


Started GET "/sessions/new.%23%3CActionDispatch::Request::Session:0x00000105078ab8%3E" for 127.0.0.1 at 2014-10-11 16:38:55 -0700
Processing by SessionsController#new as 
  Rendered sessions/new.html.erb within layouts/application (1.1ms)
Completed 200 OK in 19ms (Views: 18.7ms | ActiveRecord: 0.0ms)


Started GET "/sessions/%23%3CActionDispatch::Request::Session:0x00000105078ab8%3E" for 127.0.0.1 at 2014-10-11 16:38:58 -0700
Processing by SessionsController#show as HTML
  Parameters: {"id"=>"#<ActionDispatch::Request::Session:0x00000105078ab8>"}
Redirected to http://localhost:3000/
Completed 302 Found in 1ms (ActiveRecord: 0.0ms)


Started GET "/" for 127.0.0.1 at 2014-10-11 16:38:58 -0700
Processing by QuestionsController#index as HTML
  [1m[35mQuestion Load (0.2ms)[0m  SELECT "questions".* FROM "questions"
  Rendered questions/index.html.erb within layouts/application (0.8ms)
Completed 200 OK in 17ms (Views: 16.6ms | ActiveRecord: 0.2ms)


Started GET "/sessions/new.%23%3CActionDispatch::Request::Session:0x00000101b3ac20%3E" for 127.0.0.1 at 2014-10-11 16:39:00 -0700
Processing by SessionsController#new as 
  Rendered sessions/new.html.erb within layouts/application (0.4ms)
Completed 200 OK in 19ms (Views: 18.3ms | ActiveRecord: 0.0ms)


Started POST "/sessions" for 127.0.0.1 at 2014-10-11 16:39:04 -0700
Processing by SessionsController#create as HTML
  Parameters: {"utf8"=>"✓", "authenticity_token"=>"9evCw5gSAA2FrK7Jbk5V9U2NtnQSjVaafCiJLjEuoaE=", "email"=>"Jaycdave@gmail.com", "password"=>"[FILTERED]", "commit"=>"Log In"}
  [1m[36mUser Load (0.5ms)[0m  [1mSELECT  "users".* FROM "users"  WHERE "users"."email" = 'Jaycdave@gmail.com' LIMIT 1[0m
  Rendered sessions/new.html.erb within layouts/application (0.6ms)
Completed 200 OK in 19ms (Views: 17.1ms | ActiveRecord: 0.5ms)


Started GET "/assets/application.css?body=1" for 127.0.0.1 at 2014-10-11 16:39:04 -0700


Started GET "/assets/jquery.js?body=1" for 127.0.0.1 at 2014-10-11 16:39:04 -0700


Started GET "/assets/turbolinks.js?body=1" for 127.0.0.1 at 2014-10-11 16:39:04 -0700


Started GET "/assets/jquery_ujs.js?body=1" for 127.0.0.1 at 2014-10-11 16:39:04 -0700


Started GET "/assets/application.js?body=1" for 127.0.0.1 at 2014-10-11 16:39:04 -0700


Started GET "/assets/application.css?body=1" for 127.0.0.1 at 2014-10-11 16:41:02 -0700


Started GET "/sessions/new.%23%3CActionDispatch::Request::Session:0x00000101b3ac20%3E" for 127.0.0.1 at 2014-10-11 16:41:07 -0700
Processing by SessionsController#new as 
  Rendered sessions/new.html.erb within layouts/application (0.6ms)
Completed 200 OK in 18ms (Views: 17.7ms | ActiveRecord: 0.0ms)


Started GET "/assets/application.css?body=1" for 127.0.0.1 at 2014-10-11 16:41:07 -0700


Started GET "/assets/jquery_ujs.js?body=1" for 127.0.0.1 at 2014-10-11 16:41:07 -0700


Started GET "/assets/turbolinks.js?body=1" for 127.0.0.1 at 2014-10-11 16:41:07 -0700


Started GET "/assets/jquery.js?body=1" for 127.0.0.1 at 2014-10-11 16:41:07 -0700


Started GET "/assets/application.js?body=1" for 127.0.0.1 at 2014-10-11 16:41:07 -0700
  [1m[36m (1.8ms)[0m  [1mCREATE TABLE "schema_migrations" ("version" character varying(255) NOT NULL) [0m
  [1m[35m (1.6ms)[0m  CREATE UNIQUE INDEX  "unique_schema_migrations" ON "schema_migrations"  ("version")
  [1m[36mActiveRecord::SchemaMigration Load (0.4ms)[0m  [1mSELECT "schema_migrations".* FROM "schema_migrations"[0m
Migrating to CreateAnswers (20141010215228)
  [1m[35m (0.1ms)[0m  BEGIN
  [1m[36m (3.9ms)[0m  [1mCREATE TABLE "answers" ("id" serial primary key, "user_id" integer, "body" character varying(255), "vote_count" integer DEFAULT 0, "created_at" timestamp, "updated_at" timestamp) [0m
  [1m[35mSQL (0.8ms)[0m  INSERT INTO "schema_migrations" ("version") VALUES ($1)  [["version", "20141010215228"]]
  [1m[36m (0.3ms)[0m  [1mCOMMIT[0m
Migrating to CreateUser (20141010220430)
  [1m[35m (0.6ms)[0m  BEGIN
  [1m[36m (3.3ms)[0m  [1mCREATE TABLE "users" ("id" serial primary key, "username" character varying(255), "email" character varying(255), "password" character varying(255)) [0m
  [1m[35mSQL (0.2ms)[0m  INSERT INTO "schema_migrations" ("version") VALUES ($1)  [["version", "20141010220430"]]
  [1m[36m (0.4ms)[0m  [1mCOMMIT[0m
Migrating to ChangeColumnName (20141010224739)
  [1m[35m (0.6ms)[0m  BEGIN
  [1m[36m (0.3ms)[0m  [1mALTER TABLE "users" RENAME COLUMN "password" TO "password_digest"[0m
  [1m[35mSQL (0.1ms)[0m  INSERT INTO "schema_migrations" ("version") VALUES ($1)  [["version", "20141010224739"]]
  [1m[36m (0.4ms)[0m  [1mCOMMIT[0m
Migrating to CreateQuestions (20141010224751)
  [1m[35m (0.2ms)[0m  BEGIN
  [1m[36m (4.2ms)[0m  [1mCREATE TABLE "questions" ("id" serial primary key, "title" character varying(255), "body" character varying(255)) [0m
  [1m[35mSQL (0.1ms)[0m  INSERT INTO "schema_migrations" ("version") VALUES ($1)  [["version", "20141010224751"]]
  [1m[36m (0.4ms)[0m  [1mCOMMIT[0m
  [1m[35mActiveRecord::SchemaMigration Load (0.2ms)[0m  SELECT "schema_migrations".* FROM "schema_migrations"


Started GET "/" for 127.0.0.1 at 2014-10-11 16:42:07 -0700
  [1m[36mActiveRecord::SchemaMigration Load (0.4ms)[0m  [1mSELECT "schema_migrations".* FROM "schema_migrations"[0m
Processing by QuestionsController#index as HTML
  [1m[35mQuestion Load (0.4ms)[0m  SELECT "questions".* FROM "questions"
  Rendered questions/index.html.erb within layouts/application (3.2ms)
Completed 200 OK in 382ms (Views: 368.5ms | ActiveRecord: 1.8ms)


Started GET "/assets/application.css?body=1" for 127.0.0.1 at 2014-10-11 16:42:08 -0700


Started GET "/assets/jquery.js?body=1" for 127.0.0.1 at 2014-10-11 16:42:08 -0700


Started GET "/assets/application.js?body=1" for 127.0.0.1 at 2014-10-11 16:42:08 -0700


Started GET "/assets/turbolinks.js?body=1" for 127.0.0.1 at 2014-10-11 16:42:08 -0700


Started GET "/assets/jquery_ujs.js?body=1" for 127.0.0.1 at 2014-10-11 16:42:08 -0700


Started GET "/users/new" for 127.0.0.1 at 2014-10-11 16:42:36 -0700
Processing by UsersController#new as HTML
  Rendered users/new.html.erb within layouts/application (27.6ms)
Completed 200 OK in 53ms (Views: 48.7ms | ActiveRecord: 1.3ms)


Started POST "/users" for 127.0.0.1 at 2014-10-11 16:42:45 -0700
Processing by UsersController#create as HTML
  Parameters: {"utf8"=>"✓", "authenticity_token"=>"9evCw5gSAA2FrK7Jbk5V9U2NtnQSjVaafCiJLjEuoaE=", "user"=>{"email"=>"j@gmail.com", "password"=>"[FILTERED]", "password_confirmation"=>"[FILTERED]"}, "commit"=>"Create User"}
Unpermitted parameters: password_confirmation
  [1m[36m (0.1ms)[0m  [1mBEGIN[0m
  [1m[35mSQL (1.0ms)[0m  INSERT INTO "users" ("email", "password_digest") VALUES ($1, $2) RETURNING "id"  [["email", "j@gmail.com"], ["password_digest", "$2a$10$5Pv.v0a6VqzN.D7t7WpTA.xhiD/y9oP6czZh8kZUr1R4dI0/aJpzm"]]
  [1m[36m (0.3ms)[0m  [1mCOMMIT[0m
Redirected to http://localhost:3000/
Completed 302 Found in 74ms (ActiveRecord: 1.6ms)


Started GET "/" for 127.0.0.1 at 2014-10-11 16:42:45 -0700
Processing by QuestionsController#index as HTML
  [1m[35mQuestion Load (0.2ms)[0m  SELECT "questions".* FROM "questions"
  Rendered questions/index.html.erb within layouts/application (1.0ms)
Completed 200 OK in 52ms (Views: 50.8ms | ActiveRecord: 0.2ms)


Started GET "/assets/jquery.js?body=1" for 127.0.0.1 at 2014-10-11 16:42:45 -0700


Started GET "/assets/jquery_ujs.js?body=1" for 127.0.0.1 at 2014-10-11 16:42:45 -0700


Started GET "/assets/application.css?body=1" for 127.0.0.1 at 2014-10-11 16:42:45 -0700


Started GET "/assets/turbolinks.js?body=1" for 127.0.0.1 at 2014-10-11 16:42:45 -0700


Started GET "/assets/application.js?body=1" for 127.0.0.1 at 2014-10-11 16:42:45 -0700


Started GET "/sessions/%23%3CActionDispatch::Request::Session:0x00000102b7a180%3E" for 127.0.0.1 at 2014-10-11 16:42:57 -0700
Processing by SessionsController#show as HTML
  Parameters: {"id"=>"#<ActionDispatch::Request::Session:0x00000102b7a180>"}
Redirected to http://localhost:3000/
Completed 302 Found in 1ms (ActiveRecord: 0.0ms)


Started GET "/" for 127.0.0.1 at 2014-10-11 16:42:57 -0700
Processing by QuestionsController#index as HTML
  [1m[36mQuestion Load (0.2ms)[0m  [1mSELECT "questions".* FROM "questions"[0m
  Rendered questions/index.html.erb within layouts/application (1.6ms)
Completed 200 OK in 18ms (Views: 16.9ms | ActiveRecord: 0.2ms)


Started GET "/sessions/new.%23%3CActionDispatch::Request::Session:0x00000103599170%3E" for 127.0.0.1 at 2014-10-11 16:43:00 -0700
Processing by SessionsController#new as 
  Rendered sessions/new.html.erb within layouts/application (1.0ms)
Completed 200 OK in 21ms (Views: 20.1ms | ActiveRecord: 0.0ms)


Started POST "/sessions" for 127.0.0.1 at 2014-10-11 16:43:09 -0700
Processing by SessionsController#create as HTML
  Parameters: {"utf8"=>"✓", "authenticity_token"=>"9evCw5gSAA2FrK7Jbk5V9U2NtnQSjVaafCiJLjEuoaE=", "email"=>"j@gmail.com", "password"=>"[FILTERED]", "commit"=>"Log In"}
  [1m[35mUser Load (1.0ms)[0m  SELECT  "users".* FROM "users"  WHERE "users"."email" = 'j@gmail.com' LIMIT 1
Redirected to http://localhost:3000/
Completed 302 Found in 84ms (ActiveRecord: 1.0ms)


Started GET "/" for 127.0.0.1 at 2014-10-11 16:43:09 -0700
Processing by QuestionsController#index as HTML
  [1m[36mQuestion Load (0.2ms)[0m  [1mSELECT "questions".* FROM "questions"[0m
  Rendered questions/index.html.erb within layouts/application (5.7ms)
Completed 200 OK in 23ms (Views: 21.9ms | ActiveRecord: 0.2ms)


Started GET "/assets/application.css?body=1" for 127.0.0.1 at 2014-10-11 16:43:09 -0700


Started GET "/assets/jquery.js?body=1" for 127.0.0.1 at 2014-10-11 16:43:09 -0700


Started GET "/assets/jquery_ujs.js?body=1" for 127.0.0.1 at 2014-10-11 16:43:09 -0700


Started GET "/assets/turbolinks.js?body=1" for 127.0.0.1 at 2014-10-11 16:43:09 -0700


Started GET "/assets/application.js?body=1" for 127.0.0.1 at 2014-10-11 16:43:09 -0700


Started POST "/questions" for 127.0.0.1 at 2014-10-11 16:43:35 -0700
Processing by QuestionsController#create as HTML
  Parameters: {"utf8"=>"✓", "authenticity_token"=>"9evCw5gSAA2FrK7Jbk5V9U2NtnQSjVaafCiJLjEuoaE=", "question"=>{"title"=>"What is the reason for life?", "body"=>"Curious to see what the reason of life is all about "}, "commit"=>"Create Question"}
  [1m[35m (0.1ms)[0m  BEGIN
  [1m[36mSQL (6.9ms)[0m  [1mINSERT INTO "questions" ("body", "title") VALUES ($1, $2) RETURNING "id"[0m  [["body", "Curious to see what the reason of life is all about "], ["title", "What is the reason for life?"]]
  [1m[35m (6.2ms)[0m  COMMIT
Redirected to http://localhost:3000/
Completed 302 Found in 17ms (ActiveRecord: 13.2ms)


Started GET "/" for 127.0.0.1 at 2014-10-11 16:43:35 -0700
Processing by QuestionsController#index as HTML
  [1m[36mQuestion Load (0.3ms)[0m  [1mSELECT "questions".* FROM "questions"[0m
  Rendered questions/index.html.erb within layouts/application (42.9ms)
Completed 200 OK in 60ms (Views: 58.8ms | ActiveRecord: 0.3ms)


Started GET "/assets/application.css?body=1" for 127.0.0.1 at 2014-10-11 16:43:35 -0700


Started GET "/assets/jquery.js?body=1" for 127.0.0.1 at 2014-10-11 16:43:35 -0700


Started GET "/assets/jquery_ujs.js?body=1" for 127.0.0.1 at 2014-10-11 16:43:35 -0700


Started GET "/assets/turbolinks.js?body=1" for 127.0.0.1 at 2014-10-11 16:43:35 -0700


Started GET "/assets/application.js?body=1" for 127.0.0.1 at 2014-10-11 16:43:35 -0700


Started POST "/questions" for 127.0.0.1 at 2014-10-11 16:44:02 -0700
Processing by QuestionsController#create as HTML
  Parameters: {"utf8"=>"✓", "authenticity_token"=>"9evCw5gSAA2FrK7Jbk5V9U2NtnQSjVaafCiJLjEuoaE=", "question"=>{"title"=>"What is Becca Fav color?", "body"=>"wonder oh what it could be?"}, "commit"=>"Create Question"}
  [1m[35m (0.1ms)[0m  BEGIN
  [1m[36mSQL (0.4ms)[0m  [1mINSERT INTO "questions" ("body", "title") VALUES ($1, $2) RETURNING "id"[0m  [["body", "wonder oh what it could be?"], ["title", "What is Becca Fav color?"]]
  [1m[35m (6.1ms)[0m  COMMIT
Redirected to http://localhost:3000/
Completed 302 Found in 9ms (ActiveRecord: 6.6ms)


Started GET "/" for 127.0.0.1 at 2014-10-11 16:44:02 -0700
Processing by QuestionsController#index as HTML
  [1m[36mQuestion Load (0.2ms)[0m  [1mSELECT "questions".* FROM "questions"[0m
  Rendered questions/index.html.erb within layouts/application (2.5ms)
Completed 200 OK in 19ms (Views: 17.9ms | ActiveRecord: 0.2ms)


Started GET "/assets/application.css?body=1" for 127.0.0.1 at 2014-10-11 16:44:02 -0700


Started GET "/assets/jquery.js?body=1" for 127.0.0.1 at 2014-10-11 16:44:02 -0700


Started GET "/assets/jquery_ujs.js?body=1" for 127.0.0.1 at 2014-10-11 16:44:02 -0700


Started GET "/assets/turbolinks.js?body=1" for 127.0.0.1 at 2014-10-11 16:44:02 -0700


Started GET "/assets/application.js?body=1" for 127.0.0.1 at 2014-10-11 16:44:02 -0700
  [1m[36mUser Load (0.4ms)[0m  [1mSELECT "users".* FROM "users"[0m
